# JRE version: OpenJDK Runtime Environment (21.0.2+13) (build 21.0.2+13-58)
# Java VM: OpenJDK 64-Bit Server VM (21.0.2+13-58, mixed mode, sharing, tiered, compressed oops, compressed class ptrs, serial gc, windows-amd64)
GC Precious Log:
 CardTable entry size: 512
 CPUs: 8 total, 8 available
 Memory: 16082M
 Large Page Support: Disabled
 NUMA Support: Disabled
 Compressed Oops: Enabled (32-bit)
 Heap Min Capacity: 32M
 Heap Initial Capacity: 32M
 Heap Max Capacity: 128M
 Pre-touch: Disabled
Heap:
 def new generation   total 9792K, used 3824K [0x00000000f8000000, 0x00000000f8aa0000, 0x00000000faaa0000)
  eden space 8704K,  32% used [0x00000000f8000000, 0x00000000f82c7290, 0x00000000f8880000)
  from space 1088K,  90% used [0x00000000f8880000, 0x00000000f8974e90, 0x00000000f8990000)
  to   space 1088K,   0% used [0x00000000f8990000, 0x00000000f8990000, 0x00000000f8aa0000)
 tenured generation   total 21888K, used 4094K [0x00000000faaa0000, 0x00000000fc000000, 0x0000000100000000)
   the space 21888K,  18% used [0x00000000faaa0000, 0x00000000fae9fa40, 0x00000000fae9fc00, 0x00000000fc000000)
 Metaspace       used 10099K, committed 10240K, reserved 1114112K
  class space    used 1205K, committed 1280K, reserved 1048576K
GC Heap History (12 events):
Event: 0.204 GC heap before
{Heap before GC invocations=0 (full 0):
 def new generation   total 9792K, used 8704K [0x00000000f8000000, 0x00000000f8aa0000, 0x00000000faaa0000)
  eden space 8704K, 100% used [0x00000000f8000000, 0x00000000f8880000, 0x00000000f8880000)
  from space 1088K,   0% used [0x00000000f8880000, 0x00000000f8880000, 0x00000000f8990000)
  to   space 1088K,   0% used [0x00000000f8990000, 0x00000000f8990000, 0x00000000f8aa0000)
 tenured generation   total 21888K, used 0K [0x00000000faaa0000, 0x00000000fc000000, 0x0000000100000000)
   the space 21888K,   0% used [0x00000000faaa0000, 0x00000000faaa0000, 0x00000000faaa0200, 0x00000000fc000000)
 Metaspace       used 2638K, committed 2816K, reserved 1114112K
  class space    used 260K, committed 320K, reserved 1048576K
}
Event: 0.207 GC heap after
{Heap after GC invocations=1 (full 0):
 def new generation   total 9792K, used 1087K [0x00000000f8000000, 0x00000000f8aa0000, 0x00000000faaa0000)
  eden space 8704K,   0% used [0x00000000f8000000, 0x00000000f8000000, 0x00000000f8880000)
  from space 1088K,  99% used [0x00000000f8990000, 0x00000000f8a9fff8, 0x00000000f8aa0000)
  to   space 1088K,   0% used [0x00000000f8880000, 0x00000000f8880000, 0x00000000f8990000)
 tenured generation   total 21888K, used 1491K [0x00000000faaa0000, 0x00000000fc000000, 0x0000000100000000)
   the space 21888K,   6% used [0x00000000faaa0000, 0x00000000fac14d70, 0x00000000fac14e00, 0x00000000fc000000)
 Metaspace       used 2638K, committed 2816K, reserved 1114112K
  class space    used 260K, committed 320K, reserved 1048576K
}
Event: 0.334 GC heap before
{Heap before GC invocations=1 (full 0):
 def new generation   total 9792K, used 9791K [0x00000000f8000000, 0x00000000f8aa0000, 0x00000000faaa0000)
  eden space 8704K, 100% used [0x00000000f8000000, 0x00000000f8880000, 0x00000000f8880000)
  from space 1088K,  99% used [0x00000000f8990000, 0x00000000f8a9fff8, 0x00000000f8aa0000)
  to   space 1088K,   0% used [0x00000000f8880000, 0x00000000f8880000, 0x00000000f8990000)
 tenured generation   total 21888K, used 1491K [0x00000000faaa0000, 0x00000000fc000000, 0x0000000100000000)
   the space 21888K,   6% used [0x00000000faaa0000, 0x00000000fac14d70, 0x00000000fac14e00, 0x00000000fc000000)
 Metaspace       used 5136K, committed 5376K, reserved 1114112K
  class space    used 589K, committed 704K, reserved 1048576K
}
Event: 0.338 GC heap after
{Heap after GC invocations=2 (full 0):
 def new generation   total 9792K, used 959K [0x00000000f8000000, 0x00000000f8aa0000, 0x00000000faaa0000)
  eden space 8704K,   0% used [0x00000000f8000000, 0x00000000f8000000, 0x00000000f8880000)
  from space 1088K,  88% used [0x00000000f8880000, 0x00000000f896fd80, 0x00000000f8990000)
  to   space 1088K,   0% used [0x00000000f8990000, 0x00000000f8990000, 0x00000000f8aa0000)
 tenured generation   total 21888K, used 2563K [0x00000000faaa0000, 0x00000000fc000000, 0x0000000100000000)
   the space 21888K,  11% used [0x00000000faaa0000, 0x00000000fad20df0, 0x00000000fad20e00, 0x00000000fc000000)
 Metaspace       used 5136K, committed 5376K, reserved 1114112K
  class space    used 589K, committed 704K, reserved 1048576K
}
Event: 0.410 GC heap before
{Heap before GC invocations=2 (full 0):
 def new generation   total 9792K, used 9663K [0x00000000f8000000, 0x00000000f8aa0000, 0x00000000faaa0000)
  eden space 8704K, 100% used [0x00000000f8000000, 0x00000000f8880000, 0x00000000f8880000)
  from space 1088K,  88% used [0x00000000f8880000, 0x00000000f896fd80, 0x00000000f8990000)
  to   space 1088K,   0% used [0x00000000f8990000, 0x00000000f8990000, 0x00000000f8aa0000)
 tenured generation   total 21888K, used 2563K [0x00000000faaa0000, 0x00000000fc000000, 0x0000000100000000)
   the space 21888K,  11% used [0x00000000faaa0000, 0x00000000fad20df0, 0x00000000fad20e00, 0x00000000fc000000)
 Metaspace       used 5800K, committed 6016K, reserved 1114112K
  class space    used 682K, committed 768K, reserved 1048576K
}
Event: 0.413 GC heap after
{Heap after GC invocations=3 (full 0):
 def new generation   total 9792K, used 388K [0x00000000f8000000, 0x00000000f8aa0000, 0x00000000faaa0000)
  eden space 8704K,   0% used [0x00000000f8000000, 0x00000000f8000000, 0x00000000f8880000)
  from space 1088K,  35% used [0x00000000f8990000, 0x00000000f89f1300, 0x00000000f8aa0000)
  to   space 1088K,   0% used [0x00000000f8880000, 0x00000000f8880000, 0x00000000f8990000)
 tenured generation   total 21888K, used 3500K [0x00000000faaa0000, 0x00000000fc000000, 0x0000000100000000)
   the space 21888K,  15% used [0x00000000faaa0000, 0x00000000fae0b2b0, 0x00000000fae0b400, 0x00000000fc000000)
 Metaspace       used 5800K, committed 6016K, reserved 1114112K
  class space    used 682K, committed 768K, reserved 1048576K
}
Event: 0.522 GC heap before
{Heap before GC invocations=3 (full 0):
 def new generation   total 9792K, used 9092K [0x00000000f8000000, 0x00000000f8aa0000, 0x00000000faaa0000)
  eden space 8704K, 100% used [0x00000000f8000000, 0x00000000f8880000, 0x00000000f8880000)
  from space 1088K,  35% used [0x00000000f8990000, 0x00000000f89f1300, 0x00000000f8aa0000)
  to   space 1088K,   0% used [0x00000000f8880000, 0x00000000f8880000, 0x00000000f8990000)
 tenured generation   total 21888K, used 3500K [0x00000000faaa0000, 0x00000000fc000000, 0x0000000100000000)
   the space 21888K,  15% used [0x00000000faaa0000, 0x00000000fae0b2b0, 0x00000000fae0b400, 0x00000000fc000000)
 Metaspace       used 6760K, committed 6976K, reserved 1114112K
  class space    used 787K, committed 896K, reserved 1048576K
}
Event: 0.523 GC heap after
{Heap after GC invocations=4 (full 0):
 def new generation   total 9792K, used 665K [0x00000000f8000000, 0x00000000f8aa0000, 0x00000000faaa0000)
  eden space 8704K,   0% used [0x00000000f8000000, 0x00000000f8000000, 0x00000000f8880000)
  from space 1088K,  61% used [0x00000000f8880000, 0x00000000f8926648, 0x00000000f8990000)
  to   space 1088K,   0% used [0x00000000f8990000, 0x00000000f8990000, 0x00000000f8aa0000)
 tenured generation   total 21888K, used 3500K [0x00000000faaa0000, 0x00000000fc000000, 0x0000000100000000)
   the space 21888K,  15% used [0x00000000faaa0000, 0x00000000fae0b2b0, 0x00000000fae0b400, 0x00000000fc000000)
 Metaspace       used 6760K, committed 6976K, reserved 1114112K
  class space    used 787K, committed 896K, reserved 1048576K
}
Event: 0.608 GC heap before
{Heap before GC invocations=4 (full 0):
 def new generation   total 9792K, used 9369K [0x00000000f8000000, 0x00000000f8aa0000, 0x00000000faaa0000)
  eden space 8704K, 100% used [0x00000000f8000000, 0x00000000f8880000, 0x00000000f8880000)
  from space 1088K,  61% used [0x00000000f8880000, 0x00000000f8926648, 0x00000000f8990000)
  to   space 1088K,   0% used [0x00000000f8990000, 0x00000000f8990000, 0x00000000f8aa0000)
 tenured generation   total 21888K, used 3500K [0x00000000faaa0000, 0x00000000fc000000, 0x0000000100000000)
   the space 21888K,  15% used [0x00000000faaa0000, 0x00000000fae0b2b0, 0x00000000fae0b400, 0x00000000fc000000)
 Metaspace       used 7656K, committed 7872K, reserved 1114112K
  class space    used 890K, committed 960K, reserved 1048576K
}
Event: 0.610 GC heap after
{Heap after GC invocations=5 (full 0):
 def new generation   total 9792K, used 695K [0x00000000f8000000, 0x00000000f8aa0000, 0x00000000faaa0000)
  eden space 8704K,   0% used [0x00000000f8000000, 0x00000000f8000000, 0x00000000f8880000)
  from space 1088K,  63% used [0x00000000f8990000, 0x00000000f8a3dc60, 0x00000000f8aa0000)
  to   space 1088K,   0% used [0x00000000f8880000, 0x00000000f8880000, 0x00000000f8990000)
 tenured generation   total 21888K, used 3752K [0x00000000faaa0000, 0x00000000fc000000, 0x0000000100000000)
   the space 21888K,  17% used [0x00000000faaa0000, 0x00000000fae4a120, 0x00000000fae4a200, 0x00000000fc000000)
 Metaspace       used 7656K, committed 7872K, reserved 1114112K
  class space    used 890K, committed 960K, reserved 1048576K
}
Event: 0.711 GC heap before
{Heap before GC invocations=5 (full 0):
 def new generation   total 9792K, used 9399K [0x00000000f8000000, 0x00000000f8aa0000, 0x00000000faaa0000)
  eden space 8704K, 100% used [0x00000000f8000000, 0x00000000f8880000, 0x00000000f8880000)
  from space 1088K,  63% used [0x00000000f8990000, 0x00000000f8a3dc60, 0x00000000f8aa0000)
  to   space 1088K,   0% used [0x00000000f8880000, 0x00000000f8880000, 0x00000000f8990000)
 tenured generation   total 21888K, used 3752K [0x00000000faaa0000, 0x00000000fc000000, 0x0000000100000000)
   the space 21888K,  17% used [0x00000000faaa0000, 0x00000000fae4a120, 0x00000000fae4a200, 0x00000000fc000000)
 Metaspace       used 9544K, committed 9728K, reserved 1114112K
  class space    used 1134K, committed 1216K, reserved 1048576K
}
Event: 0.714 GC heap after
{Heap after GC invocations=6 (full 0):
 def new generation   total 9792K, used 979K [0x00000000f8000000, 0x00000000f8aa0000, 0x00000000faaa0000)
  eden space 8704K,   0% used [0x00000000f8000000, 0x00000000f8000000, 0x00000000f8880000)
  from space 1088K,  90% used [0x00000000f8880000, 0x00000000f8974e90, 0x00000000f8990000)
  to   space 1088K,   0% used [0x00000000f8990000, 0x00000000f8990000, 0x00000000f8aa0000)
 tenured generation   total 21888K, used 4094K [0x00000000faaa0000, 0x00000000fc000000, 0x0000000100000000)
   the space 21888K,  18% used [0x00000000faaa0000, 0x00000000fae9fa40, 0x00000000fae9fc00, 0x00000000fc000000)
 Metaspace       used 9544K, committed 9728K, reserved 1114112K
  class space    used 1134K, committed 1216K, reserved 1048576K
}

