# JRE version: OpenJDK Runtime Environment (21.0.2+13) (build 21.0.2+13-58)
# Java VM: OpenJDK 64-Bit Server VM (21.0.2+13-58, mixed mode, sharing, tiered, compressed oops, compressed class ptrs, g1 gc, windows-amd64)
GC Precious Log:
 CardTable entry size: 512
 Card Set container configuration: InlinePtr #cards 4 size 8 Array Of Cards #cards 16 size 48 Howl #buckets 8 coarsen threshold 3686 Howl Bitmap #cards 512 size 80 coarsen threshold 460 Card regions per heap region 1 cards per card region 4096
 CPUs: 8 total, 8 available
 Memory: 16082M
 Large Page Support: Disabled
 NUMA Support: Disabled
 Compressed Oops: Enabled (Zero based)
 Heap Region Size: 2M
 Heap Min Capacity: 8M
 Heap Initial Capacity: 252M
 Heap Max Capacity: 4022M
 Pre-touch: Disabled
 Parallel Workers: 8
 Concurrent Workers: 2
 Concurrent Refinement Workers: 8
 Periodic GC: Disabled
Heap:
 garbage-first heap   total 163840K, used 81315K [0x0000000704a00000, 0x0000000800000000)
  region size 2048K, 1 young (2048K), 1 survivors (2048K)
 Metaspace       used 30104K, committed 30528K, reserved 1114112K
  class space    used 3289K, committed 3456K, reserved 1048576K
GC Heap History (19 events):
Event: 0.430 GC heap before
{Heap before GC invocations=0 (full 0):
 garbage-first heap   total 258048K, used 20480K [0x0000000704a00000, 0x0000000800000000)
  region size 2048K, 11 young (22528K), 0 survivors (0K)
 Metaspace       used 5639K, committed 5824K, reserved 1114112K
  class space    used 659K, committed 768K, reserved 1048576K
}
Event: 0.433 GC heap after
{Heap after GC invocations=1 (full 0):
 garbage-first heap   total 258048K, used 4000K [0x0000000704a00000, 0x0000000800000000)
  region size 2048K, 2 young (4096K), 2 survivors (4096K)
 Metaspace       used 5639K, committed 5824K, reserved 1114112K
  class space    used 659K, committed 768K, reserved 1048576K
}
Event: 0.766 GC heap before
{Heap before GC invocations=1 (full 0):
 garbage-first heap   total 258048K, used 32672K [0x0000000704a00000, 0x0000000800000000)
  region size 2048K, 16 young (32768K), 2 survivors (4096K)
 Metaspace       used 9101K, committed 9280K, reserved 1114112K
  class space    used 1073K, committed 1152K, reserved 1048576K
}
Event: 0.768 GC heap after
{Heap after GC invocations=2 (full 0):
 garbage-first heap   total 258048K, used 5516K [0x0000000704a00000, 0x0000000800000000)
  region size 2048K, 1 young (2048K), 1 survivors (2048K)
 Metaspace       used 9101K, committed 9280K, reserved 1114112K
  class space    used 1073K, committed 1152K, reserved 1048576K
}
Event: 2.225 GC heap before
{Heap before GC invocations=2 (full 0):
 garbage-first heap   total 258048K, used 189836K [0x0000000704a00000, 0x0000000800000000)
  region size 2048K, 75 young (153600K), 1 survivors (2048K)
 Metaspace       used 17555K, committed 17856K, reserved 1114112K
  class space    used 1994K, committed 2176K, reserved 1048576K
}
Event: 2.235 GC heap after
{Heap after GC invocations=3 (full 0):
 garbage-first heap   total 258048K, used 17350K [0x0000000704a00000, 0x0000000800000000)
  region size 2048K, 7 young (14336K), 7 survivors (14336K)
 Metaspace       used 17555K, committed 17856K, reserved 1114112K
  class space    used 1994K, committed 2176K, reserved 1048576K
}
Event: 2.614 GC heap before
{Heap before GC invocations=3 (full 0):
 garbage-first heap   total 258048K, used 54214K [0x0000000704a00000, 0x0000000800000000)
  region size 2048K, 24 young (49152K), 7 survivors (14336K)
 Metaspace       used 21234K, committed 21504K, reserved 1114112K
  class space    used 2439K, committed 2560K, reserved 1048576K
}
Event: 2.621 GC heap after
{Heap after GC invocations=4 (full 0):
 garbage-first heap   total 258048K, used 27005K [0x0000000704a00000, 0x0000000800000000)
  region size 2048K, 3 young (6144K), 3 survivors (6144K)
 Metaspace       used 21234K, committed 21504K, reserved 1114112K
  class space    used 2439K, committed 2560K, reserved 1048576K
}
Event: 3.384 GC heap before
{Heap before GC invocations=5 (full 0):
 garbage-first heap   total 102400K, used 100733K [0x0000000704a00000, 0x0000000800000000)
  region size 2048K, 39 young (79872K), 3 survivors (6144K)
 Metaspace       used 26851K, committed 27264K, reserved 1114112K
  class space    used 3005K, committed 3200K, reserved 1048576K
}
Event: 3.396 GC heap after
{Heap after GC invocations=6 (full 0):
 garbage-first heap   total 129024K, used 45670K [0x0000000704a00000, 0x0000000800000000)
  region size 2048K, 10 young (20480K), 10 survivors (20480K)
 Metaspace       used 26851K, committed 27264K, reserved 1114112K
  class space    used 3005K, committed 3200K, reserved 1048576K
}
Event: 4.228 GC heap before
{Heap before GC invocations=6 (full 0):
 garbage-first heap   total 129024K, used 98918K [0x0000000704a00000, 0x0000000800000000)
  region size 2048K, 36 young (73728K), 10 survivors (20480K)
 Metaspace       used 29692K, committed 30144K, reserved 1114112K
  class space    used 3273K, committed 3456K, reserved 1048576K
}
Event: 4.244 GC heap after
{Heap after GC invocations=7 (full 0):
 garbage-first heap   total 129024K, used 51830K [0x0000000704a00000, 0x0000000800000000)
  region size 2048K, 3 young (6144K), 3 survivors (6144K)
 Metaspace       used 29692K, committed 30144K, reserved 1114112K
  class space    used 3273K, committed 3456K, reserved 1048576K
}
Event: 4.621 GC heap before
{Heap before GC invocations=7 (full 0):
 garbage-first heap   total 129024K, used 111222K [0x0000000704a00000, 0x0000000800000000)
  region size 2048K, 29 young (59392K), 3 survivors (6144K)
 Metaspace       used 29844K, committed 30272K, reserved 1114112K
  class space    used 3281K, committed 3456K, reserved 1048576K
}
Event: 4.633 GC heap after
{Heap after GC invocations=8 (full 0):
 garbage-first heap   total 135168K, used 73647K [0x0000000704a00000, 0x0000000800000000)
  region size 2048K, 4 young (8192K), 4 survivors (8192K)
 Metaspace       used 29844K, committed 30272K, reserved 1114112K
  class space    used 3281K, committed 3456K, reserved 1048576K
}
Event: 4.794 GC heap before
{Heap before GC invocations=8 (full 0):
 garbage-first heap   total 135168K, used 100271K [0x0000000704a00000, 0x0000000800000000)
  region size 2048K, 18 young (36864K), 4 survivors (8192K)
 Metaspace       used 29855K, committed 30272K, reserved 1114112K
  class space    used 3281K, committed 3456K, reserved 1048576K
}
Event: 4.801 GC heap after
{Heap after GC invocations=9 (full 0):
 garbage-first heap   total 135168K, used 83968K [0x0000000704a00000, 0x0000000800000000)
  region size 2048K, 3 young (6144K), 3 survivors (6144K)
 Metaspace       used 29855K, committed 30272K, reserved 1114112K
  class space    used 3281K, committed 3456K, reserved 1048576K
}
Event: 4.966 GC heap before
{Heap before GC invocations=10 (full 0):
 garbage-first heap   total 163840K, used 112640K [0x0000000704a00000, 0x0000000800000000)
  region size 2048K, 16 young (32768K), 3 survivors (6144K)
 Metaspace       used 29928K, committed 30336K, reserved 1114112K
  class space    used 3284K, committed 3456K, reserved 1048576K
}
Event: 4.974 GC heap after
{Heap after GC invocations=11 (full 0):
 garbage-first heap   total 163840K, used 91507K [0x0000000704a00000, 0x0000000800000000)
  region size 2048K, 2 young (4096K), 2 survivors (4096K)
 Metaspace       used 29928K, committed 30336K, reserved 1114112K
  class space    used 3284K, committed 3456K, reserved 1048576K
}
Event: 5.190 GC heap before
{Heap before GC invocations=11 (full 0):
 garbage-first heap   total 163840K, used 126323K [0x0000000704a00000, 0x0000000800000000)
  region size 2048K, 19 young (38912K), 2 survivors (4096K)
 Metaspace       used 30104K, committed 30528K, reserved 1114112K
  class space    used 3289K, committed 3456K, reserved 1048576K
}

